[car] **** Workspace city is not defined! The agent will not join it.
[car2] **** Workspace city is not defined! The agent will not join it.
[Cartago] Workspace mining created.
[City] Error creating world java.lang.ArrayIndexOutOfBoundsException: Index 1 out of bounds for length 1
[Cartago] artifact view: city.City(2,0) at mining created.
[City] Error creating world java.lang.ArrayIndexOutOfBoundsException: Index 1 out of bounds for length 1
[Cartago] artifact view2: city.City(2,1) at mining created.
[car2] focusing on artifact view2 (at workspace /main/city) using namespace default
[car] focusing on artifact view (at workspace /main/city) using namespace default
[car] waiting a bit to join/focus -- art_env(city,view,default) -- try #5
[car2] waiting a bit to join/focus -- art_env(city,view2,default) -- try #5
[car] focusing on artifact view (at workspace /main/city) using namespace default
[car2] focusing on artifact view2 (at workspace /main/city) using namespace default
[car2] waiting a bit to join/focus -- art_env(city,view2,default) -- try #4
[car] waiting a bit to join/focus -- art_env(city,view,default) -- try #4
[car2] focusing on artifact view2 (at workspace /main/city) using namespace default
[car] focusing on artifact view (at workspace /main/city) using namespace default
[car2] waiting a bit to join/focus -- art_env(city,view2,default) -- try #3
[car] waiting a bit to join/focus -- art_env(city,view,default) -- try #3
[car2] focusing on artifact view2 (at workspace /main/city) using namespace default
[car] focusing on artifact view (at workspace /main/city) using namespace default
[car2] waiting a bit to join/focus -- art_env(city,view2,default) -- try #2
[car] waiting a bit to join/focus -- art_env(city,view,default) -- try #2
[car2] focusing on artifact view2 (at workspace /main/city) using namespace default
[car] focusing on artifact view (at workspace /main/city) using namespace default
[car2] waiting a bit to join/focus -- art_env(city,view2,default) -- try #1
[car] waiting a bit to join/focus -- art_env(city,view,default) -- try #1
[car2] Error handling art_env(city,view2,default) (to join a workspace or focus on an artifact)
[car] Error handling art_env(city,view,default) (to join a workspace or focus on an artifact)
[CAgentArch] Action failed: skip, in namespace default, operation ( skip )
[CAgentArch] Action failed: skip, in namespace default, operation ( skip )
[car] No failure event was generated for +!start[code(skip),code_line(12),code_src("file:src/agt/car.asl"),env_failure_reason(env_failure(action_failed(skip,op(default,"( skip )")))),error(action_failed),error_msg("Action failed: skip, in namespace default, operation ( skip )"),source(self)]
intention 4: 
    +!start[source(self)] <- ... skip; !start / {}

[car2] No failure event was generated for +!start[code(skip),code_line(12),code_src("file:src/agt/car.asl"),env_failure_reason(env_failure(action_failed(skip,op(default,"( skip )")))),error(action_failed),error_msg("Action failed: skip, in namespace default, operation ( skip )"),source(self)]
intention 3: 
    +!start[source(self)] <- ... skip; !start / {}

